{"level":"info","message":"Redis queues initialized","timestamp":"2026-06-11 09:11:29"}
{"level":"info","message":"Server is running on port 5000 in development mode","timestamp":"2026-06-11 09:11:31"}
{"level":"debug","message":"Available network interfaces:","timestamp":"2026-06-11 09:11:31"}
{"level":"debug","message":"  Ethernet 3: http://192.168.56.1:5000","timestamp":"2026-06-11 09:11:31"}
{"level":"debug","message":"  Ethernet 4: http://192.168.209.2:5000","timestamp":"2026-06-11 09:11:31"}
{"level":"debug","message":"  Wi-Fi: http://192.168.1.64:5000","timestamp":"2026-06-11 09:11:31"}
{"level":"debug","message":"  localhost: http://localhost:5000","timestamp":"2026-06-11 09:11:31"}
{"code":"ENOTFOUND","errno":-3008,"hostname":"redis","level":"error","message":"Redis error: getaddrinfo ENOTFOUND redis","stack":"Error: getaddrinfo ENOTFOUND redis\n    at GetAddrInfoReqWrap.onlookupall [as oncomplete] (node:dns:121:26)","syscall":"getaddrinfo","timestamp":"2026-06-11 09:11:36"}
{"code":"ENOTFOUND","errno":-3008,"hostname":"redis","level":"error","message":"Redis error: getaddrinfo ENOTFOUND redis","stack":"Error: getaddrinfo ENOTFOUND redis\n    at GetAddrInfoReqWrap.onlookupall [as oncomplete] (node:dns:121:26)","syscall":"getaddrinfo","timestamp":"2026-06-11 09:11:42"}
{"code":"ENOTFOUND","errno":-3008,"hostname":"redis","level":"error","message":"Redis error: getaddrinfo ENOTFOUND redis","stack":"Error: getaddrinfo ENOTFOUND redis\n    at GetAddrInfoReqWrap.onlookupall [as oncomplete] (node:dns:121:26)","syscall":"getaddrinfo","timestamp":"2026-06-11 09:11:47"}
{"code":"ENOTFOUND","errno":-3008,"hostname":"redis","level":"error","message":"Redis error: getaddrinfo ENOTFOUND redis","stack":"Error: getaddrinfo ENOTFOUND redis\n    at GetAddrInfoReqWrap.onlookupall [as oncomplete] (node:dns:121:26)","syscall":"getaddrinfo","timestamp":"2026-06-11 09:11:52"}
{"code":"ENOTFOUND","errno":-3008,"hostname":"redis","level":"error","message":"Redis error: getaddrinfo ENOTFOUND redis","stack":"Error: getaddrinfo ENOTFOUND redis\n    at GetAddrInfoReqWrap.onlookupall [as oncomplete] (node:dns:121:26)","syscall":"getaddrinfo","timestamp":"2026-06-11 09:11:58"}
{"code":"ENOTFOUND","errno":-3008,"hostname":"redis","level":"error","message":"Redis error: getaddrinfo ENOTFOUND redis","stack":"Error: getaddrinfo ENOTFOUND redis\n    at GetAddrInfoReqWrap.onlookupall [as oncomplete] (node:dns:121:26)","syscall":"getaddrinfo","timestamp":"2026-06-11 09:12:03"}
{"code":"ENOTFOUND","errno":-3008,"hostname":"redis","level":"error","message":"Redis error: getaddrinfo ENOTFOUND redis","stack":"Error: getaddrinfo ENOTFOUND redis\n    at GetAddrInfoReqWrap.onlookupall [as oncomplete] (node:dns:121:26)","syscall":"getaddrinfo","timestamp":"2026-06-11 09:12:08"}
{"code":"ENOTFOUND","errno":-3008,"hostname":"redis","level":"error","message":"Redis error: getaddrinfo ENOTFOUND redis","stack":"Error: getaddrinfo ENOTFOUND redis\n    at GetAddrInfoReqWrap.onlookupall [as oncomplete] (node:dns:121:26)","syscall":"getaddrinfo","timestamp":"2026-06-11 09:12:14"}
{"code":"ENOTFOUND","errno":-3008,"hostname":"redis","level":"error","message":"Redis error: getaddrinfo ENOTFOUND redis","stack":"Error: getaddrinfo ENOTFOUND redis\n    at GetAddrInfoReqWrap.onlookupall [as oncomplete] (node:dns:121:26)","syscall":"getaddrinfo","timestamp":"2026-06-11 09:12:20"}
{"code":"ENOTFOUND","errno":-3008,"hostname":"redis","level":"error","message":"Redis error: getaddrinfo ENOTFOUND redis","stack":"Error: getaddrinfo ENOTFOUND redis\n    at GetAddrInfoReqWrap.onlookupall [as oncomplete] (node:dns:121:26)","syscall":"getaddrinfo","timestamp":"2026-06-11 09:12:23"}
{"code":"ENOTFOUND","errno":-3008,"hostname":"redis","level":"error","message":"Redis error: getaddrinfo ENOTFOUND redis","stack":"Error: getaddrinfo ENOTFOUND redis\n    at GetAddrInfoReqWrap.onlookupall [as oncomplete] (node:dns:121:26)","syscall":"getaddrinfo","timestamp":"2026-06-11 09:12:26"}
{"code":"ENOTFOUND","errno":-3008,"hostname":"redis","level":"error","message":"Redis error: getaddrinfo ENOTFOUND redis","stack":"Error: getaddrinfo ENOTFOUND redis\n    at GetAddrInfoReqWrap.onlookupall [as oncomplete] (node:dns:121:26)","syscall":"getaddrinfo","timestamp":"2026-06-11 09:12:30"}
{"code":"ENOTFOUND","errno":-3008,"hostname":"redis","level":"error","message":"Redis error: getaddrinfo ENOTFOUND redis","stack":"Error: getaddrinfo ENOTFOUND redis\n    at GetAddrInfoReqWrap.onlookupall [as oncomplete] (node:dns:121:26)","syscall":"getaddrinfo","timestamp":"2026-06-11 09:12:34"}
{"code":"ENOTFOUND","errno":-3008,"hostname":"redis","level":"error","message":"Redis error: getaddrinfo ENOTFOUND redis","stack":"Error: getaddrinfo ENOTFOUND redis\n    at GetAddrInfoReqWrap.onlookupall [as oncomplete] (node:dns:121:26)","syscall":"getaddrinfo","timestamp":"2026-06-11 09:12:37"}
{"code":"ENOTFOUND","errno":-3008,"hostname":"redis","level":"error","message":"Redis error: getaddrinfo ENOTFOUND redis","stack":"Error: getaddrinfo ENOTFOUND redis\n    at GetAddrInfoReqWrap.onlookupall [as oncomplete] (node:dns:121:26)","syscall":"getaddrinfo","timestamp":"2026-06-11 09:12:40"}
{"code":"ENOTFOUND","errno":-3008,"hostname":"redis","level":"error","message":"Redis error: getaddrinfo ENOTFOUND redis","stack":"Error: getaddrinfo ENOTFOUND redis\n    at GetAddrInfoReqWrap.onlookupall [as oncomplete] (node:dns:121:26)","syscall":"getaddrinfo","timestamp":"2026-06-11 09:12:44"}
{"code":"ENOTFOUND","errno":-3008,"hostname":"redis","level":"error","message":"Redis error: getaddrinfo ENOTFOUND redis","stack":"Error: getaddrinfo ENOTFOUND redis\n    at GetAddrInfoReqWrap.onlookupall [as oncomplete] (node:dns:121:26)","syscall":"getaddrinfo","timestamp":"2026-06-11 09:12:47"}
{"code":"ENOTFOUND","errno":-3008,"hostname":"redis","level":"error","message":"Redis error: getaddrinfo ENOTFOUND redis","stack":"Error: getaddrinfo ENOTFOUND redis\n    at GetAddrInfoReqWrap.onlookupall [as oncomplete] (node:dns:121:26)","syscall":"getaddrinfo","timestamp":"2026-06-11 09:12:51"}
{"code":"ENOTFOUND","errno":-3008,"hostname":"redis","level":"error","message":"Redis error: getaddrinfo ENOTFOUND redis","stack":"Error: getaddrinfo ENOTFOUND redis\n    at GetAddrInfoReqWrap.onlookupall [as oncomplete] (node:dns:121:26)","syscall":"getaddrinfo","timestamp":"2026-06-11 09:12:56"}
{"code":"ENOTFOUND","errno":-3008,"hostname":"redis","level":"error","message":"Redis error: getaddrinfo ENOTFOUND redis","stack":"Error: getaddrinfo ENOTFOUND redis\n    at GetAddrInfoReqWrap.onlookupall [as oncomplete] (node:dns:121:26)","syscall":"getaddrinfo","timestamp":"2026-06-11 09:12:59"}
{"code":"ENOTFOUND","errno":-3008,"hostname":"redis","level":"error","message":"Redis error: getaddrinfo ENOTFOUND redis","stack":"Error: getaddrinfo ENOTFOUND redis\n    at GetAddrInfoReqWrap.onlookupall [as oncomplete] (node:dns:121:26)","syscall":"getaddrinfo","timestamp":"2026-06-11 09:13:03"}
{"code":"ENOTFOUND","errno":-3008,"hostname":"redis","level":"error","message":"Redis error: getaddrinfo ENOTFOUND redis","stack":"Error: getaddrinfo ENOTFOUND redis\n    at GetAddrInfoReqWrap.onlookupall [as oncomplete] (node:dns:121:26)","syscall":"getaddrinfo","timestamp":"2026-06-11 09:13:06"}
{"code":"ENOTFOUND","errno":-3008,"hostname":"redis","level":"error","message":"Redis error: getaddrinfo ENOTFOUND redis","stack":"Error: getaddrinfo ENOTFOUND redis\n    at GetAddrInfoReqWrap.onlookupall [as oncomplete] (node:dns:121:26)","syscall":"getaddrinfo","timestamp":"2026-06-11 09:13:10"}
{"code":"ENOTFOUND","errno":-3008,"hostname":"redis","level":"error","message":"Redis error: getaddrinfo ENOTFOUND redis","stack":"Error: getaddrinfo ENOTFOUND redis\n    at GetAddrInfoReqWrap.onlookupall [as oncomplete] (node:dns:121:26)","syscall":"getaddrinfo","timestamp":"2026-06-11 09:13:13"}
{"code":"ENOTFOUND","errno":-3008,"hostname":"redis","level":"error","message":"Redis error: getaddrinfo ENOTFOUND redis","stack":"Error: getaddrinfo ENOTFOUND redis\n    at GetAddrInfoReqWrap.onlookupall [as oncomplete] (node:dns:121:26)","syscall":"getaddrinfo","timestamp":"2026-06-11 09:13:18"}
{"code":"ENOTFOUND","errno":-3008,"hostname":"redis","level":"error","message":"Redis error: getaddrinfo ENOTFOUND redis","stack":"Error: getaddrinfo ENOTFOUND redis\n    at GetAddrInfoReqWrap.onlookupall [as oncomplete] (node:dns:121:26)","syscall":"getaddrinfo","timestamp":"2026-06-11 09:13:21"}
{"code":"ENOTFOUND","errno":-3008,"hostname":"redis","level":"error","message":"Redis error: getaddrinfo ENOTFOUND redis","stack":"Error: getaddrinfo ENOTFOUND redis\n    at GetAddrInfoReqWrap.onlookupall [as oncomplete] (node:dns:121:26)","syscall":"getaddrinfo","timestamp":"2026-06-11 09:13:25"}
{"code":"ENOTFOUND","errno":-3008,"hostname":"redis","level":"error","message":"Redis error: getaddrinfo ENOTFOUND redis","stack":"Error: getaddrinfo ENOTFOUND redis\n    at GetAddrInfoReqWrap.onlookupall [as oncomplete] (node:dns:121:26)","syscall":"getaddrinfo","timestamp":"2026-06-11 09:13:28"}
{"code":"ENOTFOUND","errno":-3008,"hostname":"redis","level":"error","message":"Redis error: getaddrinfo ENOTFOUND redis","stack":"Error: getaddrinfo ENOTFOUND redis\n    at GetAddrInfoReqWrap.onlookupall [as oncomplete] (node:dns:121:26)","syscall":"getaddrinfo","timestamp":"2026-06-11 09:13:32"}
{"code":"ENOTFOUND","errno":-3008,"hostname":"redis","level":"error","message":"Redis error: getaddrinfo ENOTFOUND redis","stack":"Error: getaddrinfo ENOTFOUND redis\n    at GetAddrInfoReqWrap.onlookupall [as oncomplete] (node:dns:121:26)","syscall":"getaddrinfo","timestamp":"2026-06-11 09:13:36"}
{"code":"ENOTFOUND","errno":-3008,"hostname":"redis","level":"error","message":"Redis error: getaddrinfo ENOTFOUND redis","stack":"Error: getaddrinfo ENOTFOUND redis\n    at GetAddrInfoReqWrap.onlookupall [as oncomplete] (node:dns:121:26)","syscall":"getaddrinfo","timestamp":"2026-06-11 09:13:40"}
{"code":"ENOTFOUND","errno":-3008,"hostname":"redis","level":"error","message":"Redis error: getaddrinfo ENOTFOUND redis","stack":"Error: getaddrinfo ENOTFOUND redis\n    at GetAddrInfoReqWrap.onlookupall [as oncomplete] (node:dns:121:26)","syscall":"getaddrinfo","timestamp":"2026-06-11 09:13:44"}
{"code":"ENOTFOUND","errno":-3008,"hostname":"redis","level":"error","message":"Redis error: getaddrinfo ENOTFOUND redis","stack":"Error: getaddrinfo ENOTFOUND redis\n    at GetAddrInfoReqWrap.onlookupall [as oncomplete] (node:dns:121:26)","syscall":"getaddrinfo","timestamp":"2026-06-11 09:13:48"}
{"code":"ENOTFOUND","errno":-3008,"hostname":"redis","level":"error","message":"Redis error: getaddrinfo ENOTFOUND redis","stack":"Error: getaddrinfo ENOTFOUND redis\n    at GetAddrInfoReqWrap.onlookupall [as oncomplete] (node:dns:121:26)","syscall":"getaddrinfo","timestamp":"2026-06-11 09:13:52"}
{"code":"ENOTFOUND","errno":-3008,"hostname":"redis","level":"error","message":"Redis error: getaddrinfo ENOTFOUND redis","stack":"Error: getaddrinfo ENOTFOUND redis\n    at GetAddrInfoReqWrap.onlookupall [as oncomplete] (node:dns:121:26)","syscall":"getaddrinfo","timestamp":"2026-06-11 09:13:56"}
{"level":"info","message":"SIGINT received, starting graceful shutdown...","timestamp":"2026-06-11 09:13:59"}
{"level":"info","message":"HTTP server closed","timestamp":"2026-06-11 09:13:59"}
{"level":"info","message":"Closing database connections...","timestamp":"2026-06-11 09:13:59"}
{"level":"info","message":"Closing queues...","timestamp":"2026-06-11 09:13:59"}
{"level":"info","message":"Graceful shutdown completed","timestamp":"2026-06-11 09:13:59"}
